<?xml version="1.0" encoding="UTF-8"?>
<!-- Generated by org.testng.reporters.JUnitXMLReporter -->
<testsuite ignored="0" hostname="DESKTOP-P1M3VO3" failures="0" tests="9" name="Test" time="0.511" errors="0" timestamp="2022-01-29T14:08:23 IST">
  <testcase classname="testpackage.Loginpagetest" name="@BeforeClass intialize" time="0.024">
    <failure type="java.lang.NullPointerException" message="Cannot invoke &amp;quot;String.equals(Object)&amp;quot; because &amp;quot;browsername&amp;quot; is null">
      <![CDATA[java.lang.NullPointerException: Cannot invoke "String.equals(Object)" because "browsername" is null
at basepack.Baseclass.driverintialization(Baseclass.java:43)
at testpackage.Loginpagetest.intialize(Loginpagetest.java:30)
at java.base/java.util.ArrayList.forEach(ArrayList.java:1511)
... Removed 25 stack frames]]>
    </failure>
  </testcase> <!-- @BeforeClass intialize -->
  <testcase classname="testpackage.Loginpagetest" name="@BeforeMethod CreatePomobject" time="-1.643445503273E9">
    <skipped/>
  </testcase> <!-- @BeforeMethod CreatePomobject -->
  <testcase classname="testpackage.Loginpagetest" name="@AfterMethod logout" time="-1.643445503295E9">
    <skipped/>
  </testcase> <!-- @AfterMethod logout -->
  <testcase classname="testpackage.Loginpagetest" name="@AfterClass close" time="-1.643445503299E9">
    <skipped/>
  </testcase> <!-- @AfterClass close -->
  <testcase classname="testpackage.Contactspagetest" name="@BeforeClass intialize" time="0.001">
    <failure type="java.lang.NullPointerException" message="Cannot invoke &amp;quot;String.equals(Object)&amp;quot; because &amp;quot;browsername&amp;quot; is null">
      <![CDATA[java.lang.NullPointerException: Cannot invoke "String.equals(Object)" because "browsername" is null
at basepack.Baseclass.driverintialization(Baseclass.java:43)
at testpackage.Contactspagetest.intialize(Contactspagetest.java:26)
at java.base/java.util.ArrayList.forEach(ArrayList.java:1511)
... Removed 25 stack frames]]>
    </failure>
  </testcase> <!-- @BeforeClass intialize -->
  <testcase classname="testpackage.Contactspagetest" name="@BeforeMethod login" time="-1.64344550333E9">
    <skipped/>
  </testcase> <!-- @BeforeMethod login -->
  <testcase classname="testpackage.Contactspagetest" name="@AfterMethod logout" time="-1.643445503339E9">
    <skipped/>
  </testcase> <!-- @AfterMethod logout -->
  <testcase classname="testpackage.Contactspagetest" name="@BeforeMethod login" time="-1.643445503349E9">
    <skipped/>
  </testcase> <!-- @BeforeMethod login -->
  <testcase classname="testpackage.Contactspagetest" name="@AfterMethod logout" time="-1.643445503397E9">
    <skipped/>
  </testcase> <!-- @AfterMethod logout -->
  <testcase classname="testpackage.Contactspagetest" name="@BeforeMethod login" time="-1.643445503404E9">
    <skipped/>
  </testcase> <!-- @BeforeMethod login -->
  <testcase classname="testpackage.Contactspagetest" name="@AfterMethod logout" time="-1.643445503419E9">
    <skipped/>
  </testcase> <!-- @AfterMethod logout -->
  <testcase classname="testpackage.Contactspagetest" name="@BeforeMethod login" time="-1.643445503422E9">
    <skipped/>
  </testcase> <!-- @BeforeMethod login -->
  <testcase classname="testpackage.Contactspagetest" name="@AfterMethod logout" time="-1.643445503444E9">
    <skipped/>
  </testcase> <!-- @AfterMethod logout -->
  <testcase classname="testpackage.Contactspagetest" name="@AfterClass close" time="-1.643445503459E9">
    <skipped/>
  </testcase> <!-- @AfterClass close -->
  <testcase classname="testpackage.Homepagetest" name="@BeforeClass intialize" time="0.001">
    <failure type="java.lang.NullPointerException" message="Cannot invoke &amp;quot;String.equals(Object)&amp;quot; because &amp;quot;browsername&amp;quot; is null">
      <![CDATA[java.lang.NullPointerException: Cannot invoke "String.equals(Object)" because "browsername" is null
at basepack.Baseclass.driverintialization(Baseclass.java:43)
at testpackage.Homepagetest.intialize(Homepagetest.java:28)
at java.base/java.util.ArrayList.forEach(ArrayList.java:1511)
... Removed 25 stack frames]]>
    </failure>
  </testcase> <!-- @BeforeClass intialize -->
  <testcase classname="testpackage.Homepagetest" name="@BeforeMethod login" time="-1.643445503482E9">
    <skipped/>
  </testcase> <!-- @BeforeMethod login -->
  <testcase classname="testpackage.Homepagetest" name="@AfterMethod logout" time="-1.643445503488E9">
    <skipped/>
  </testcase> <!-- @AfterMethod logout -->
  <testcase classname="testpackage.Homepagetest" name="@BeforeMethod login" time="-1.643445503491E9">
    <skipped/>
  </testcase> <!-- @BeforeMethod login -->
  <testcase classname="testpackage.Homepagetest" name="@AfterMethod logout" time="-1.6434455035E9">
    <skipped/>
  </testcase> <!-- @AfterMethod logout -->
  <testcase classname="testpackage.Homepagetest" name="@BeforeMethod login" time="-1.643445503505E9">
    <skipped/>
  </testcase> <!-- @BeforeMethod login -->
  <testcase classname="testpackage.Homepagetest" name="@AfterMethod logout" time="-1.643445503536E9">
    <skipped/>
  </testcase> <!-- @AfterMethod logout -->
  <testcase classname="testpackage.Homepagetest" name="@BeforeMethod login" time="-1.643445503551E9">
    <skipped/>
  </testcase> <!-- @BeforeMethod login -->
  <testcase classname="testpackage.Homepagetest" name="@AfterMethod logout" time="-1.643445503572E9">
    <skipped/>
  </testcase> <!-- @AfterMethod logout -->
  <testcase classname="testpackage.Homepagetest" name="@AfterClass close" time="-1.64344550358E9">
    <skipped/>
  </testcase> <!-- @AfterClass close -->
  <testcase classname="testpackage.Loginpagetest" name="logintestfunctionaility" time="0.0">
    <skipped/>
  </testcase> <!-- logintestfunctionaility -->
  <testcase classname="testpackage.Contactspagetest" name="verifytitle" time="0.0">
    <skipped/>
  </testcase> <!-- verifytitle -->
  <testcase classname="testpackage.Contactspagetest" name="verifyurl" time="0.0">
    <skipped/>
  </testcase> <!-- verifyurl -->
  <testcase classname="testpackage.Contactspagetest" name="verifytext" time="0.0">
    <skipped/>
  </testcase> <!-- verifytext -->
  <testcase classname="testpackage.Contactspagetest" name="validatecreatecontact" time="0.0">
    <skipped/>
  </testcase> <!-- validatecreatecontact -->
  <testcase classname="testpackage.Homepagetest" name="verifylogo" time="0.0">
    <skipped/>
  </testcase> <!-- verifylogo -->
  <testcase classname="testpackage.Homepagetest" name="verifytitle" time="0.0">
    <skipped/>
  </testcase> <!-- verifytitle -->
  <testcase classname="testpackage.Homepagetest" name="verifyusername" time="0.0">
    <skipped/>
  </testcase> <!-- verifyusername -->
  <testcase classname="testpackage.Homepagetest" name="verifycontatcslinktab" time="0.0">
    <skipped/>
  </testcase> <!-- verifycontatcslinktab -->
</testsuite> <!-- Test -->
